<?xml version="1.0" encoding="UTF-8"?>
<testsuite name="ForgetMapTest" tests="4" skipped="0" failures="0" errors="0" timestamp="2022-01-12T13:04:33" hostname="UKC02FXJANMD6M" time="0.027">
  <properties/>
  <testcase name="whenNumOfValuesInMapExceedLimitShouldReturnLowestUsage()" classname="ForgetMapTest" time="0.023"/>
  <testcase name="whenNumOfValuesExceedsLimitAndNewValueIsAddedLeastUsedValueIsRemoved()" classname="ForgetMapTest" time="0.002"/>
  <testcase name="whenMapExistsAndFindMethodIsCalledAssociatedMapCountValueShouldBeIncremented()" classname="ForgetMapTest" time="0.0"/>
  <testcase name="whenMapExistsAddAndFindValueFromMap()" classname="ForgetMapTest" time="0.0"/>
  <system-out><![CDATA[]]></system-out>
  <system-err><![CDATA[]]></system-err>
</testsuite>
