<?xml version="1.0" encoding="UTF-8"?>
<testsuite name="ForgetMapTest" tests="4" skipped="0" failures="0" errors="0" timestamp="2022-01-12T09:57:58" hostname="UKC02FXJANMD6M" time="0.037">
  <properties/>
  <testcase name="whenNumOfValuesInMapExceedLimitShouldReturnLowestUsage()" classname="ForgetMapTest" time="0.027"/>
  <testcase name="whenNumOfValuesExceedsLimitAndNewValueIsAddedLeastUsedValueIsRemoved()" classname="ForgetMapTest" time="0.002"/>
  <testcase name="whenMapExistsAndFindMethodIsCalledAssociatedMapCountValueShouldBeIncremented()" classname="ForgetMapTest" time="0.001"/>
  <testcase name="whenMapExistsAddAndFindValueFromMap()" classname="ForgetMapTest" time="0.004"/>
  <system-out><![CDATA[]]></system-out>
  <system-err><![CDATA[]]></system-err>
</testsuite>
